
AVRASM ver. 2.1.30  C:\cvavr\project\danu1700022001\prak2\Debug\List\parak2-3lcd.asm Wed Nov 27 13:27:50 2019

C:\cvavr\project\danu1700022001\prak2\Debug\List\parak2-3lcd.asm(1086): warning: Register r5 already defined by the .DEF directive
C:\cvavr\project\danu1700022001\prak2\Debug\List\parak2-3lcd.asm(1087): warning: Register r4 already defined by the .DEF directive
C:\cvavr\project\danu1700022001\prak2\Debug\List\parak2-3lcd.asm(1088): warning: Register r7 already defined by the .DEF directive
                 
                 
                 ;CodeVisionAVR C Compiler V3.12 Advanced
                 ;(C) Copyright 1998-2014 Pavel Haiduc, HP InfoTech s.r.l.
                 ;http://www.hpinfotech.com
                 
                 ;Build configuration    : Debug
                 ;Chip type              : ATmega8535
                 ;Program type           : Application
                 ;Clock frequency        : 4,000000 MHz
                 ;Memory model           : Small
                 ;Optimize for           : Size
                 ;(s)printf features     : int, width
                 ;(s)scanf features      : int, width
                 ;External RAM size      : 0
                 ;Data Stack size        : 128 byte(s)
                 ;Heap size              : 0 byte(s)
                 ;Promote 'char' to 'int': Yes
                 ;'char' is unsigned     : Yes
                 ;8 bit enums            : Yes
                 ;Global 'const' stored in FLASH: Yes
                 ;Enhanced function parameter passing: Yes
                 ;Enhanced core instructions: On
                 ;Automatic register allocation for global variables: On
                 ;Smart register allocation: On
                 
                 	#define _MODEL_SMALL_
                 
                 	#pragma AVRPART ADMIN PART_NAME ATmega8535
                 	#pragma AVRPART MEMORY PROG_FLASH 8192
                 	#pragma AVRPART MEMORY EEPROM 512
                 	#pragma AVRPART MEMORY INT_SRAM SIZE 512
                 	#pragma AVRPART MEMORY INT_SRAM START_ADDR 0x60
                 
                 	.LISTMAC
                 	.EQU UDRE=0x5
                 	.EQU RXC=0x7
                 	.EQU USR=0xB
                 	.EQU UDR=0xC
                 	.EQU SPSR=0xE
                 	.EQU SPDR=0xF
                 	.EQU EERE=0x0
                 	.EQU EEWE=0x1
                 	.EQU EEMWE=0x2
                 	.EQU EECR=0x1C
                 	.EQU EEDR=0x1D
                 	.EQU EEARL=0x1E
                 	.EQU EEARH=0x1F
                 	.EQU WDTCR=0x21
                 	.EQU MCUCR=0x35
                 	.EQU GICR=0x3B
                 	.EQU SPL=0x3D
                 	.EQU SPH=0x3E
                 	.EQU SREG=0x3F
                 
                 	.DEF R0X0=R0
                 	.DEF R0X1=R1
                 	.DEF R0X2=R2
                 	.DEF R0X3=R3
                 	.DEF R0X4=R4
                 	.DEF R0X5=R5
                 	.DEF R0X6=R6
                 	.DEF R0X7=R7
                 	.DEF R0X8=R8
                 	.DEF R0X9=R9
                 	.DEF R0XA=R10
                 	.DEF R0XB=R11
                 	.DEF R0XC=R12
                 	.DEF R0XD=R13
                 	.DEF R0XE=R14
                 	.DEF R0XF=R15
                 	.DEF R0X10=R16
                 	.DEF R0X11=R17
                 	.DEF R0X12=R18
                 	.DEF R0X13=R19
                 	.DEF R0X14=R20
                 	.DEF R0X15=R21
                 	.DEF R0X16=R22
                 	.DEF R0X17=R23
                 	.DEF R0X18=R24
                 	.DEF R0X19=R25
                 	.DEF R0X1A=R26
                 	.DEF R0X1B=R27
                 	.DEF R0X1C=R28
                 	.DEF R0X1D=R29
                 	.DEF R0X1E=R30
                 	.DEF R0X1F=R31
                 
                 	.EQU __SRAM_START=0x0060
                 	.EQU __SRAM_END=0x025F
                 	.EQU __DSTACK_SIZE=0x0080
                 	.EQU __HEAP_SIZE=0x0000
                 	.EQU __CLEAR_SRAM_SIZE=__SRAM_END-__SRAM_START+1
                 
                 	.MACRO __CPD1N
                 	CPI  R30,LOW(@0)
                 	LDI  R26,HIGH(@0)
                 	CPC  R31,R26
                 	LDI  R26,BYTE3(@0)
                 	CPC  R22,R26
                 	LDI  R26,BYTE4(@0)
                 	CPC  R23,R26
                 	.ENDM
                 
                 	.MACRO __CPD2N
                 	CPI  R26,LOW(@0)
                 	LDI  R30,HIGH(@0)
                 	CPC  R27,R30
                 	LDI  R30,BYTE3(@0)
                 	CPC  R24,R30
                 	LDI  R30,BYTE4(@0)
                 	CPC  R25,R30
                 	.ENDM
                 
                 	.MACRO __CPWRR
                 	CP   R@0,R@2
                 	CPC  R@1,R@3
                 	.ENDM
                 
                 	.MACRO __CPWRN
                 	CPI  R@0,LOW(@2)
                 	LDI  R30,HIGH(@2)
                 	CPC  R@1,R30
                 	.ENDM
                 
                 	.MACRO __ADDB1MN
                 	SUBI R30,LOW(-@0-(@1))
                 	.ENDM
                 
                 	.MACRO __ADDB2MN
                 	SUBI R26,LOW(-@0-(@1))
                 	.ENDM
                 
                 	.MACRO __ADDW1MN
                 	SUBI R30,LOW(-@0-(@1))
                 	SBCI R31,HIGH(-@0-(@1))
                 	.ENDM
                 
                 	.MACRO __ADDW2MN
                 	SUBI R26,LOW(-@0-(@1))
                 	SBCI R27,HIGH(-@0-(@1))
                 	.ENDM
                 
                 	.MACRO __ADDW1FN
                 	SUBI R30,LOW(-2*@0-(@1))
                 	SBCI R31,HIGH(-2*@0-(@1))
                 	.ENDM
                 
                 	.MACRO __ADDD1FN
                 	SUBI R30,LOW(-2*@0-(@1))
                 	SBCI R31,HIGH(-2*@0-(@1))
                 	SBCI R22,BYTE3(-2*@0-(@1))
                 	.ENDM
                 
                 	.MACRO __ADDD1N
                 	SUBI R30,LOW(-@0)
                 	SBCI R31,HIGH(-@0)
                 	SBCI R22,BYTE3(-@0)
                 	SBCI R23,BYTE4(-@0)
                 	.ENDM
                 
                 	.MACRO __ADDD2N
                 	SUBI R26,LOW(-@0)
                 	SBCI R27,HIGH(-@0)
                 	SBCI R24,BYTE3(-@0)
                 	SBCI R25,BYTE4(-@0)
                 	.ENDM
                 
                 	.MACRO __SUBD1N
                 	SUBI R30,LOW(@0)
                 	SBCI R31,HIGH(@0)
                 	SBCI R22,BYTE3(@0)
                 	SBCI R23,BYTE4(@0)
                 	.ENDM
                 
                 	.MACRO __SUBD2N
                 	SUBI R26,LOW(@0)
                 	SBCI R27,HIGH(@0)
                 	SBCI R24,BYTE3(@0)
                 	SBCI R25,BYTE4(@0)
                 	.ENDM
                 
                 	.MACRO __ANDBMNN
                 	LDS  R30,@0+(@1)
                 	ANDI R30,LOW(@2)
                 	STS  @0+(@1),R30
                 	.ENDM
                 
                 	.MACRO __ANDWMNN
                 	LDS  R30,@0+(@1)
                 	ANDI R30,LOW(@2)
                 	STS  @0+(@1),R30
                 	LDS  R30,@0+(@1)+1
                 	ANDI R30,HIGH(@2)
                 	STS  @0+(@1)+1,R30
                 	.ENDM
                 
                 	.MACRO __ANDD1N
                 	ANDI R30,LOW(@0)
                 	ANDI R31,HIGH(@0)
                 	ANDI R22,BYTE3(@0)
                 	ANDI R23,BYTE4(@0)
                 	.ENDM
                 
                 	.MACRO __ANDD2N
                 	ANDI R26,LOW(@0)
                 	ANDI R27,HIGH(@0)
                 	ANDI R24,BYTE3(@0)
                 	ANDI R25,BYTE4(@0)
                 	.ENDM
                 
                 	.MACRO __ORBMNN
                 	LDS  R30,@0+(@1)
                 	ORI  R30,LOW(@2)
                 	STS  @0+(@1),R30
                 	.ENDM
                 
                 	.MACRO __ORWMNN
                 	LDS  R30,@0+(@1)
                 	ORI  R30,LOW(@2)
                 	STS  @0+(@1),R30
                 	LDS  R30,@0+(@1)+1
                 	ORI  R30,HIGH(@2)
                 	STS  @0+(@1)+1,R30
                 	.ENDM
                 
                 	.MACRO __ORD1N
                 	ORI  R30,LOW(@0)
                 	ORI  R31,HIGH(@0)
                 	ORI  R22,BYTE3(@0)
                 	ORI  R23,BYTE4(@0)
                 	.ENDM
                 
                 	.MACRO __ORD2N
                 	ORI  R26,LOW(@0)
                 	ORI  R27,HIGH(@0)
                 	ORI  R24,BYTE3(@0)
                 	ORI  R25,BYTE4(@0)
                 	.ENDM
                 
                 	.MACRO __DELAY_USB
                 	LDI  R24,LOW(@0)
                 __DELAY_USB_LOOP:
                 	DEC  R24
                 	BRNE __DELAY_USB_LOOP
                 	.ENDM
                 
                 	.MACRO __DELAY_USW
                 	LDI  R24,LOW(@0)
                 	LDI  R25,HIGH(@0)
                 __DELAY_USW_LOOP:
                 	SBIW R24,1
                 	BRNE __DELAY_USW_LOOP
                 	.ENDM
                 
                 	.MACRO __GETD1S
                 	LDD  R30,Y+@0
                 	LDD  R31,Y+@0+1
                 	LDD  R22,Y+@0+2
                 	LDD  R23,Y+@0+3
                 	.ENDM
                 
                 	.MACRO __GETD2S
                 	LDD  R26,Y+@0
                 	LDD  R27,Y+@0+1
                 	LDD  R24,Y+@0+2
                 	LDD  R25,Y+@0+3
                 	.ENDM
                 
                 	.MACRO __PUTD1S
                 	STD  Y+@0,R30
                 	STD  Y+@0+1,R31
                 	STD  Y+@0+2,R22
                 	STD  Y+@0+3,R23
                 	.ENDM
                 
                 	.MACRO __PUTD2S
                 	STD  Y+@0,R26
                 	STD  Y+@0+1,R27
                 	STD  Y+@0+2,R24
                 	STD  Y+@0+3,R25
                 	.ENDM
                 
                 	.MACRO __PUTDZ2
                 	STD  Z+@0,R26
                 	STD  Z+@0+1,R27
                 	STD  Z+@0+2,R24
                 	STD  Z+@0+3,R25
                 	.ENDM
                 
                 	.MACRO __CLRD1S
                 	STD  Y+@0,R30
                 	STD  Y+@0+1,R30
                 	STD  Y+@0+2,R30
                 	STD  Y+@0+3,R30
                 	.ENDM
                 
                 	.MACRO __POINTB1MN
                 	LDI  R30,LOW(@0+(@1))
                 	.ENDM
                 
                 	.MACRO __POINTW1MN
                 	LDI  R30,LOW(@0+(@1))
                 	LDI  R31,HIGH(@0+(@1))
                 	.ENDM
                 
                 	.MACRO __POINTD1M
                 	LDI  R30,LOW(@0)
                 	LDI  R31,HIGH(@0)
                 	LDI  R22,BYTE3(@0)
                 	LDI  R23,BYTE4(@0)
                 	.ENDM
                 
                 	.MACRO __POINTW1FN
                 	LDI  R30,LOW(2*@0+(@1))
                 	LDI  R31,HIGH(2*@0+(@1))
                 	.ENDM
                 
                 	.MACRO __POINTD1FN
                 	LDI  R30,LOW(2*@0+(@1))
                 	LDI  R31,HIGH(2*@0+(@1))
                 	LDI  R22,BYTE3(2*@0+(@1))
                 	LDI  R23,BYTE4(2*@0+(@1))
                 	.ENDM
                 
                 	.MACRO __POINTB2MN
                 	LDI  R26,LOW(@0+(@1))
                 	.ENDM
                 
                 	.MACRO __POINTW2MN
                 	LDI  R26,LOW(@0+(@1))
                 	LDI  R27,HIGH(@0+(@1))
                 	.ENDM
                 
                 	.MACRO __POINTW2FN
                 	LDI  R26,LOW(2*@0+(@1))
                 	LDI  R27,HIGH(2*@0+(@1))
                 	.ENDM
                 
                 	.MACRO __POINTD2FN
                 	LDI  R26,LOW(2*@0+(@1))
                 	LDI  R27,HIGH(2*@0+(@1))
                 	LDI  R24,BYTE3(2*@0+(@1))
                 	LDI  R25,BYTE4(2*@0+(@1))
                 	.ENDM
                 
                 	.MACRO __POINTBRM
                 	LDI  R@0,LOW(@1)
                 	.ENDM
                 
                 	.MACRO __POINTWRM
                 	LDI  R@0,LOW(@2)
                 	LDI  R@1,HIGH(@2)
                 	.ENDM
                 
                 	.MACRO __POINTBRMN
                 	LDI  R@0,LOW(@1+(@2))
                 	.ENDM
                 
                 	.MACRO __POINTWRMN
                 	LDI  R@0,LOW(@2+(@3))
                 	LDI  R@1,HIGH(@2+(@3))
                 	.ENDM
                 
                 	.MACRO __POINTWRFN
                 	LDI  R@0,LOW(@2*2+(@3))
                 	LDI  R@1,HIGH(@2*2+(@3))
                 	.ENDM
                 
                 	.MACRO __GETD1N
                 	LDI  R30,LOW(@0)
                 	LDI  R31,HIGH(@0)
                 	LDI  R22,BYTE3(@0)
                 	LDI  R23,BYTE4(@0)
                 	.ENDM
                 
                 	.MACRO __GETD2N
                 	LDI  R26,LOW(@0)
                 	LDI  R27,HIGH(@0)
                 	LDI  R24,BYTE3(@0)
                 	LDI  R25,BYTE4(@0)
                 	.ENDM
                 
                 	.MACRO __GETB1MN
                 	LDS  R30,@0+(@1)
                 	.ENDM
                 
                 	.MACRO __GETB1HMN
                 	LDS  R31,@0+(@1)
                 	.ENDM
                 
                 	.MACRO __GETW1MN
                 	LDS  R30,@0+(@1)
                 	LDS  R31,@0+(@1)+1
                 	.ENDM
                 
                 	.MACRO __GETD1MN
                 	LDS  R30,@0+(@1)
                 	LDS  R31,@0+(@1)+1
                 	LDS  R22,@0+(@1)+2
                 	LDS  R23,@0+(@1)+3
                 	.ENDM
                 
                 	.MACRO __GETBRMN
                 	LDS  R@0,@1+(@2)
                 	.ENDM
                 
                 	.MACRO __GETWRMN
                 	LDS  R@0,@2+(@3)
                 	LDS  R@1,@2+(@3)+1
                 	.ENDM
                 
                 	.MACRO __GETWRZ
                 	LDD  R@0,Z+@2
                 	LDD  R@1,Z+@2+1
                 	.ENDM
                 
                 	.MACRO __GETD2Z
                 	LDD  R26,Z+@0
                 	LDD  R27,Z+@0+1
                 	LDD  R24,Z+@0+2
                 	LDD  R25,Z+@0+3
                 	.ENDM
                 
                 	.MACRO __GETB2MN
                 	LDS  R26,@0+(@1)
                 	.ENDM
                 
                 	.MACRO __GETW2MN
                 	LDS  R26,@0+(@1)
                 	LDS  R27,@0+(@1)+1
                 	.ENDM
                 
                 	.MACRO __GETD2MN
                 	LDS  R26,@0+(@1)
                 	LDS  R27,@0+(@1)+1
                 	LDS  R24,@0+(@1)+2
                 	LDS  R25,@0+(@1)+3
                 	.ENDM
                 
                 	.MACRO __PUTB1MN
                 	STS  @0+(@1),R30
                 	.ENDM
                 
                 	.MACRO __PUTW1MN
                 	STS  @0+(@1),R30
                 	STS  @0+(@1)+1,R31
                 	.ENDM
                 
                 	.MACRO __PUTD1MN
                 	STS  @0+(@1),R30
                 	STS  @0+(@1)+1,R31
                 	STS  @0+(@1)+2,R22
                 	STS  @0+(@1)+3,R23
                 	.ENDM
                 
                 	.MACRO __PUTB1EN
                 	LDI  R26,LOW(@0+(@1))
                 	LDI  R27,HIGH(@0+(@1))
                 	RCALL __EEPROMWRB
                 	.ENDM
                 
                 	.MACRO __PUTW1EN
                 	LDI  R26,LOW(@0+(@1))
                 	LDI  R27,HIGH(@0+(@1))
                 	RCALL __EEPROMWRW
                 	.ENDM
                 
                 	.MACRO __PUTD1EN
                 	LDI  R26,LOW(@0+(@1))
                 	LDI  R27,HIGH(@0+(@1))
                 	RCALL __EEPROMWRD
                 	.ENDM
                 
                 	.MACRO __PUTBR0MN
                 	STS  @0+(@1),R0
                 	.ENDM
                 
                 	.MACRO __PUTBMRN
                 	STS  @0+(@1),R@2
                 	.ENDM
                 
                 	.MACRO __PUTWMRN
                 	STS  @0+(@1),R@2
                 	STS  @0+(@1)+1,R@3
                 	.ENDM
                 
                 	.MACRO __PUTBZR
                 	STD  Z+@1,R@0
                 	.ENDM
                 
                 	.MACRO __PUTWZR
                 	STD  Z+@2,R@0
                 	STD  Z+@2+1,R@1
                 	.ENDM
                 
                 	.MACRO __GETW1R
                 	MOV  R30,R@0
                 	MOV  R31,R@1
                 	.ENDM
                 
                 	.MACRO __GETW2R
                 	MOV  R26,R@0
                 	MOV  R27,R@1
                 	.ENDM
                 
                 	.MACRO __GETWRN
                 	LDI  R@0,LOW(@2)
                 	LDI  R@1,HIGH(@2)
                 	.ENDM
                 
                 	.MACRO __PUTW1R
                 	MOV  R@0,R30
                 	MOV  R@1,R31
                 	.ENDM
                 
                 	.MACRO __PUTW2R
                 	MOV  R@0,R26
                 	MOV  R@1,R27
                 	.ENDM
                 
                 	.MACRO __ADDWRN
                 	SUBI R@0,LOW(-@2)
                 	SBCI R@1,HIGH(-@2)
                 	.ENDM
                 
                 	.MACRO __ADDWRR
                 	ADD  R@0,R@2
                 	ADC  R@1,R@3
                 	.ENDM
                 
                 	.MACRO __SUBWRN
                 	SUBI R@0,LOW(@2)
                 	SBCI R@1,HIGH(@2)
                 	.ENDM
                 
                 	.MACRO __SUBWRR
                 	SUB  R@0,R@2
                 	SBC  R@1,R@3
                 	.ENDM
                 
                 	.MACRO __ANDWRN
                 	ANDI R@0,LOW(@2)
                 	ANDI R@1,HIGH(@2)
                 	.ENDM
                 
                 	.MACRO __ANDWRR
                 	AND  R@0,R@2
                 	AND  R@1,R@3
                 	.ENDM
                 
                 	.MACRO __ORWRN
                 	ORI  R@0,LOW(@2)
                 	ORI  R@1,HIGH(@2)
                 	.ENDM
                 
                 	.MACRO __ORWRR
                 	OR   R@0,R@2
                 	OR   R@1,R@3
                 	.ENDM
                 
                 	.MACRO __EORWRR
                 	EOR  R@0,R@2
                 	EOR  R@1,R@3
                 	.ENDM
                 
                 	.MACRO __GETWRS
                 	LDD  R@0,Y+@2
                 	LDD  R@1,Y+@2+1
                 	.ENDM
                 
                 	.MACRO __PUTBSR
                 	STD  Y+@1,R@0
                 	.ENDM
                 
                 	.MACRO __PUTWSR
                 	STD  Y+@2,R@0
                 	STD  Y+@2+1,R@1
                 	.ENDM
                 
                 	.MACRO __MOVEWRR
                 	MOV  R@0,R@2
                 	MOV  R@1,R@3
                 	.ENDM
                 
                 	.MACRO __INWR
                 	IN   R@0,@2
                 	IN   R@1,@2+1
                 	.ENDM
                 
                 	.MACRO __OUTWR
                 	OUT  @2+1,R@1
                 	OUT  @2,R@0
                 	.ENDM
                 
                 	.MACRO __CALL1MN
                 	LDS  R30,@0+(@1)
                 	LDS  R31,@0+(@1)+1
                 	ICALL
                 	.ENDM
                 
                 	.MACRO __CALL1FN
                 	LDI  R30,LOW(2*@0+(@1))
                 	LDI  R31,HIGH(2*@0+(@1))
                 	RCALL __GETW1PF
                 	ICALL
                 	.ENDM
                 
                 	.MACRO __CALL2EN
                 	PUSH R26
                 	PUSH R27
                 	LDI  R26,LOW(@0+(@1))
                 	LDI  R27,HIGH(@0+(@1))
                 	RCALL __EEPROMRDW
                 	POP  R27
                 	POP  R26
                 	ICALL
                 	.ENDM
                 
                 	.MACRO __CALL2EX
                 	SUBI R26,LOW(-@0)
                 	SBCI R27,HIGH(-@0)
                 	RCALL __EEPROMRDD
                 	ICALL
                 	.ENDM
                 
                 	.MACRO __GETW1STACK
                 	IN   R30,SPL
                 	IN   R31,SPH
                 	ADIW R30,@0+1
                 	LD   R0,Z+
                 	LD   R31,Z
                 	MOV  R30,R0
                 	.ENDM
                 
                 	.MACRO __GETD1STACK
                 	IN   R30,SPL
                 	IN   R31,SPH
                 	ADIW R30,@0+1
                 	LD   R0,Z+
                 	LD   R1,Z+
                 	LD   R22,Z
                 	MOVW R30,R0
                 	.ENDM
                 
                 	.MACRO __NBST
                 	BST  R@0,@1
                 	IN   R30,SREG
                 	LDI  R31,0x40
                 	EOR  R30,R31
                 	OUT  SREG,R30
                 	.ENDM
                 
                 
                 	.MACRO __PUTB1SN
                 	LDD  R26,Y+@0
                 	LDD  R27,Y+@0+1
                 	SUBI R26,LOW(-@1)
                 	SBCI R27,HIGH(-@1)
                 	ST   X,R30
                 	.ENDM
                 
                 	.MACRO __PUTW1SN
                 	LDD  R26,Y+@0
                 	LDD  R27,Y+@0+1
                 	SUBI R26,LOW(-@1)
                 	SBCI R27,HIGH(-@1)
                 	ST   X+,R30
                 	ST   X,R31
                 	.ENDM
                 
                 	.MACRO __PUTD1SN
                 	LDD  R26,Y+@0
                 	LDD  R27,Y+@0+1
                 	SUBI R26,LOW(-@1)
                 	SBCI R27,HIGH(-@1)
                 	RCALL __PUTDP1
                 	.ENDM
                 
                 	.MACRO __PUTB1SNS
                 	LDD  R26,Y+@0
                 	LDD  R27,Y+@0+1
                 	ADIW R26,@1
                 	ST   X,R30
                 	.ENDM
                 
                 	.MACRO __PUTW1SNS
                 	LDD  R26,Y+@0
                 	LDD  R27,Y+@0+1
                 	ADIW R26,@1
                 	ST   X+,R30
                 	ST   X,R31
                 	.ENDM
                 
                 	.MACRO __PUTD1SNS
                 	LDD  R26,Y+@0
                 	LDD  R27,Y+@0+1
                 	ADIW R26,@1
                 	RCALL __PUTDP1
                 	.ENDM
                 
                 	.MACRO __PUTB1PMN
                 	LDS  R26,@0
                 	LDS  R27,@0+1
                 	SUBI R26,LOW(-@1)
                 	SBCI R27,HIGH(-@1)
                 	ST   X,R30
                 	.ENDM
                 
                 	.MACRO __PUTW1PMN
                 	LDS  R26,@0
                 	LDS  R27,@0+1
                 	SUBI R26,LOW(-@1)
                 	SBCI R27,HIGH(-@1)
                 	ST   X+,R30
                 	ST   X,R31
                 	.ENDM
                 
                 	.MACRO __PUTD1PMN
                 	LDS  R26,@0
                 	LDS  R27,@0+1
                 	SUBI R26,LOW(-@1)
                 	SBCI R27,HIGH(-@1)
                 	RCALL __PUTDP1
                 	.ENDM
                 
                 	.MACRO __PUTB1PMNS
                 	LDS  R26,@0
                 	LDS  R27,@0+1
                 	ADIW R26,@1
                 	ST   X,R30
                 	.ENDM
                 
                 	.MACRO __PUTW1PMNS
                 	LDS  R26,@0
                 	LDS  R27,@0+1
                 	ADIW R26,@1
                 	ST   X+,R30
                 	ST   X,R31
                 	.ENDM
                 
                 	.MACRO __PUTD1PMNS
                 	LDS  R26,@0
                 	LDS  R27,@0+1
                 	ADIW R26,@1
                 	RCALL __PUTDP1
                 	.ENDM
                 
                 	.MACRO __PUTB1RN
                 	MOVW R26,R@0
                 	SUBI R26,LOW(-@1)
                 	SBCI R27,HIGH(-@1)
                 	ST   X,R30
                 	.ENDM
                 
                 	.MACRO __PUTW1RN
                 	MOVW R26,R@0
                 	SUBI R26,LOW(-@1)
                 	SBCI R27,HIGH(-@1)
                 	ST   X+,R30
                 	ST   X,R31
                 	.ENDM
                 
                 	.MACRO __PUTD1RN
                 	MOVW R26,R@0
                 	SUBI R26,LOW(-@1)
                 	SBCI R27,HIGH(-@1)
                 	RCALL __PUTDP1
                 	.ENDM
                 
                 	.MACRO __PUTB1RNS
                 	MOVW R26,R@0
                 	ADIW R26,@1
                 	ST   X,R30
                 	.ENDM
                 
                 	.MACRO __PUTW1RNS
                 	MOVW R26,R@0
                 	ADIW R26,@1
                 	ST   X+,R30
                 	ST   X,R31
                 	.ENDM
                 
                 	.MACRO __PUTD1RNS
                 	MOVW R26,R@0
                 	ADIW R26,@1
                 	RCALL __PUTDP1
                 	.ENDM
                 
                 	.MACRO __PUTB1RON
                 	MOV  R26,R@0
                 	MOV  R27,R@1
                 	SUBI R26,LOW(-@2)
                 	SBCI R27,HIGH(-@2)
                 	ST   X,R30
                 	.ENDM
                 
                 	.MACRO __PUTW1RON
                 	MOV  R26,R@0
                 	MOV  R27,R@1
                 	SUBI R26,LOW(-@2)
                 	SBCI R27,HIGH(-@2)
                 	ST   X+,R30
                 	ST   X,R31
                 	.ENDM
                 
                 	.MACRO __PUTD1RON
                 	MOV  R26,R@0
                 	MOV  R27,R@1
                 	SUBI R26,LOW(-@2)
                 	SBCI R27,HIGH(-@2)
                 	RCALL __PUTDP1
                 	.ENDM
                 
                 	.MACRO __PUTB1RONS
                 	MOV  R26,R@0
                 	MOV  R27,R@1
                 	ADIW R26,@2
                 	ST   X,R30
                 	.ENDM
                 
                 	.MACRO __PUTW1RONS
                 	MOV  R26,R@0
                 	MOV  R27,R@1
                 	ADIW R26,@2
                 	ST   X+,R30
                 	ST   X,R31
                 	.ENDM
                 
                 	.MACRO __PUTD1RONS
                 	MOV  R26,R@0
                 	MOV  R27,R@1
                 	ADIW R26,@2
                 	RCALL __PUTDP1
                 	.ENDM
                 
                 
                 	.MACRO __GETB1SX
                 	MOVW R30,R28
                 	SUBI R30,LOW(-@0)
                 	SBCI R31,HIGH(-@0)
                 	LD   R30,Z
                 	.ENDM
                 
                 	.MACRO __GETB1HSX
                 	MOVW R30,R28
                 	SUBI R30,LOW(-@0)
                 	SBCI R31,HIGH(-@0)
                 	LD   R31,Z
                 	.ENDM
                 
                 	.MACRO __GETW1SX
                 	MOVW R30,R28
                 	SUBI R30,LOW(-@0)
                 	SBCI R31,HIGH(-@0)
                 	LD   R0,Z+
                 	LD   R31,Z
                 	MOV  R30,R0
                 	.ENDM
                 
                 	.MACRO __GETD1SX
                 	MOVW R30,R28
                 	SUBI R30,LOW(-@0)
                 	SBCI R31,HIGH(-@0)
                 	LD   R0,Z+
                 	LD   R1,Z+
                 	LD   R22,Z+
                 	LD   R23,Z
                 	MOVW R30,R0
                 	.ENDM
                 
                 	.MACRO __GETB2SX
                 	MOVW R26,R28
                 	SUBI R26,LOW(-@0)
                 	SBCI R27,HIGH(-@0)
                 	LD   R26,X
                 	.ENDM
                 
                 	.MACRO __GETW2SX
                 	MOVW R26,R28
                 	SUBI R26,LOW(-@0)
                 	SBCI R27,HIGH(-@0)
                 	LD   R0,X+
                 	LD   R27,X
                 	MOV  R26,R0
                 	.ENDM
                 
                 	.MACRO __GETD2SX
                 	MOVW R26,R28
                 	SUBI R26,LOW(-@0)
                 	SBCI R27,HIGH(-@0)
                 	LD   R0,X+
                 	LD   R1,X+
                 	LD   R24,X+
                 	LD   R25,X
                 	MOVW R26,R0
                 	.ENDM
                 
                 	.MACRO __GETBRSX
                 	MOVW R30,R28
                 	SUBI R30,LOW(-@1)
                 	SBCI R31,HIGH(-@1)
                 	LD   R@0,Z
                 	.ENDM
                 
                 	.MACRO __GETWRSX
                 	MOVW R30,R28
                 	SUBI R30,LOW(-@2)
                 	SBCI R31,HIGH(-@2)
                 	LD   R@0,Z+
                 	LD   R@1,Z
                 	.ENDM
                 
                 	.MACRO __GETBRSX2
                 	MOVW R26,R28
                 	SUBI R26,LOW(-@1)
                 	SBCI R27,HIGH(-@1)
                 	LD   R@0,X
                 	.ENDM
                 
                 	.MACRO __GETWRSX2
                 	MOVW R26,R28
                 	SUBI R26,LOW(-@2)
                 	SBCI R27,HIGH(-@2)
                 	LD   R@0,X+
                 	LD   R@1,X
                 	.ENDM
                 
                 	.MACRO __LSLW8SX
                 	MOVW R30,R28
                 	SUBI R30,LOW(-@0)
                 	SBCI R31,HIGH(-@0)
                 	LD   R31,Z
                 	CLR  R30
                 	.ENDM
                 
                 	.MACRO __PUTB1SX
                 	MOVW R26,R28
                 	SUBI R26,LOW(-@0)
                 	SBCI R27,HIGH(-@0)
                 	ST   X,R30
                 	.ENDM
                 
                 	.MACRO __PUTW1SX
                 	MOVW R26,R28
                 	SUBI R26,LOW(-@0)
                 	SBCI R27,HIGH(-@0)
                 	ST   X+,R30
                 	ST   X,R31
                 	.ENDM
                 
                 	.MACRO __PUTD1SX
                 	MOVW R26,R28
                 	SUBI R26,LOW(-@0)
                 	SBCI R27,HIGH(-@0)
                 	ST   X+,R30
                 	ST   X+,R31
                 	ST   X+,R22
                 	ST   X,R23
                 	.ENDM
                 
                 	.MACRO __CLRW1SX
                 	MOVW R26,R28
                 	SUBI R26,LOW(-@0)
                 	SBCI R27,HIGH(-@0)
                 	ST   X+,R30
                 	ST   X,R30
                 	.ENDM
                 
                 	.MACRO __CLRD1SX
                 	MOVW R26,R28
                 	SUBI R26,LOW(-@0)
                 	SBCI R27,HIGH(-@0)
                 	ST   X+,R30
                 	ST   X+,R30
                 	ST   X+,R30
                 	ST   X,R30
                 	.ENDM
                 
                 	.MACRO __PUTB2SX
                 	MOVW R30,R28
                 	SUBI R30,LOW(-@0)
                 	SBCI R31,HIGH(-@0)
                 	ST   Z,R26
                 	.ENDM
                 
                 	.MACRO __PUTW2SX
                 	MOVW R30,R28
                 	SUBI R30,LOW(-@0)
                 	SBCI R31,HIGH(-@0)
                 	ST   Z+,R26
                 	ST   Z,R27
                 	.ENDM
                 
                 	.MACRO __PUTD2SX
                 	MOVW R30,R28
                 	SUBI R30,LOW(-@0)
                 	SBCI R31,HIGH(-@0)
                 	ST   Z+,R26
                 	ST   Z+,R27
                 	ST   Z+,R24
                 	ST   Z,R25
                 	.ENDM
                 
                 	.MACRO __PUTBSRX
                 	MOVW R30,R28
                 	SUBI R30,LOW(-@1)
                 	SBCI R31,HIGH(-@1)
                 	ST   Z,R@0
                 	.ENDM
                 
                 	.MACRO __PUTWSRX
                 	MOVW R30,R28
                 	SUBI R30,LOW(-@2)
                 	SBCI R31,HIGH(-@2)
                 	ST   Z+,R@0
                 	ST   Z,R@1
                 	.ENDM
                 
                 	.MACRO __PUTB1SNX
                 	MOVW R26,R28
                 	SUBI R26,LOW(-@0)
                 	SBCI R27,HIGH(-@0)
                 	LD   R0,X+
                 	LD   R27,X
                 	MOV  R26,R0
                 	SUBI R26,LOW(-@1)
                 	SBCI R27,HIGH(-@1)
                 	ST   X,R30
                 	.ENDM
                 
                 	.MACRO __PUTW1SNX
                 	MOVW R26,R28
                 	SUBI R26,LOW(-@0)
                 	SBCI R27,HIGH(-@0)
                 	LD   R0,X+
                 	LD   R27,X
                 	MOV  R26,R0
                 	SUBI R26,LOW(-@1)
                 	SBCI R27,HIGH(-@1)
                 	ST   X+,R30
                 	ST   X,R31
                 	.ENDM
                 
                 	.MACRO __PUTD1SNX
                 	MOVW R26,R28
                 	SUBI R26,LOW(-@0)
                 	SBCI R27,HIGH(-@0)
                 	LD   R0,X+
                 	LD   R27,X
                 	MOV  R26,R0
                 	SUBI R26,LOW(-@1)
                 	SBCI R27,HIGH(-@1)
                 	ST   X+,R30
                 	ST   X+,R31
                 	ST   X+,R22
                 	ST   X,R23
                 	.ENDM
                 
                 	.MACRO __MULBRR
                 	MULS R@0,R@1
                 	MOVW R30,R0
                 	.ENDM
                 
                 	.MACRO __MULBRRU
                 	MUL  R@0,R@1
                 	MOVW R30,R0
                 	.ENDM
                 
                 	.MACRO __MULBRR0
                 	MULS R@0,R@1
                 	.ENDM
                 
                 	.MACRO __MULBRRU0
                 	MUL  R@0,R@1
                 	.ENDM
                 
                 	.MACRO __MULBNWRU
                 	LDI  R26,@2
                 	MUL  R26,R@0
                 	MOVW R30,R0
                 	MUL  R26,R@1
                 	ADD  R31,R0
                 	.ENDM
                 
                 ;NAME DEFINITIONS FOR GLOBAL VARIABLES ALLOCATED TO REGISTERS
                 	.DEF __lcd_x=R5
                 	.DEF __lcd_y=R4
                 	.DEF __lcd_maxx=R7
                 
                 	.CSEG
                 	.ORG 0x00
                 
                 ;START OF CODE MARKER
                 __START_OF_CODE:
                 
                 ;INTERRUPT VECTORS
000000 c029      	RJMP __RESET
000001 cffe      	RJMP 0x00
000002 cffd      	RJMP 0x00
000003 cffc      	RJMP 0x00
000004 cffb      	RJMP 0x00
000005 cffa      	RJMP 0x00
000006 cff9      	RJMP 0x00
000007 cff8      	RJMP 0x00
000008 cff7      	RJMP 0x00
000009 cff6      	RJMP 0x00
00000a cff5      	RJMP 0x00
00000b cff4      	RJMP 0x00
00000c cff3      	RJMP 0x00
00000d cff2      	RJMP 0x00
00000e cff1      	RJMP 0x00
00000f cff0      	RJMP 0x00
000010 cfef      	RJMP 0x00
000011 cfee      	RJMP 0x00
000012 cfed      	RJMP 0x00
000013 cfec      	RJMP 0x00
000014 cfeb      	RJMP 0x00
                 
                 _0x0:
000015 7270
000016 6b61
000017 202e
000018 696d      	.DB  0x70,0x72,0x61,0x6B,0x2E,0x20,0x6D,0x69
000019 7263
00001a 206f
00001b 4155
00001c 0044      	.DB  0x63,0x72,0x6F,0x20,0x55,0x41,0x44,0x0
00001d 5441
00001e 454d
00001f 204c
000020 5641      	.DB  0x41,0x54,0x4D,0x45,0x4C,0x20,0x41,0x56
000021 2052
000022 3538
000023 3533
C:\cvavr\project\danu1700022001\prak2\Debug\List\parak2-3lcd.asm(1123): warning: .cseg .db misalignment - padding zero byte
000024 0000      	.DB  0x52,0x20,0x38,0x35,0x33,0x35,0x0
                 _0x2000003:
000025 c080      	.DB  0x80,0xC0
                 
                 __GLOBAL_INI_TBL:
000026 0002      	.DW  0x02
000027 00e0      	.DW  __base_y_G100
000028 004a      	.DW  _0x2000003*2
                 
                 _0xFFFFFFFF:
000029 0000      	.DW  0
                 
                 #define __GLOBAL_INI_TBL_PRESENT 1
                 
                 __RESET:
00002a 94f8      	CLI
00002b 27ee      	CLR  R30
00002c bbec      	OUT  EECR,R30
                 
                 ;INTERRUPT VECTORS ARE PLACED
                 ;AT THE START OF FLASH
00002d e0f1      	LDI  R31,1
00002e bffb      	OUT  GICR,R31
00002f bfeb      	OUT  GICR,R30
000030 bfe5      	OUT  MCUCR,R30
                 
                 ;CLEAR R2-R14
000031 e08d      	LDI  R24,(14-2)+1
000032 e0a2      	LDI  R26,2
000033 27bb      	CLR  R27
                 __CLEAR_REG:
000034 93ed      	ST   X+,R30
000035 958a      	DEC  R24
000036 f7e9      	BRNE __CLEAR_REG
                 
                 ;CLEAR SRAM
000037 e080      	LDI  R24,LOW(__CLEAR_SRAM_SIZE)
000038 e092      	LDI  R25,HIGH(__CLEAR_SRAM_SIZE)
000039 e6a0      	LDI  R26,__SRAM_START
                 __CLEAR_SRAM:
00003a 93ed      	ST   X+,R30
00003b 9701      	SBIW R24,1
00003c f7e9      	BRNE __CLEAR_SRAM
                 
                 ;GLOBAL VARIABLES INITIALIZATION
00003d e4ec      	LDI  R30,LOW(__GLOBAL_INI_TBL*2)
00003e e0f0      	LDI  R31,HIGH(__GLOBAL_INI_TBL*2)
                 __GLOBAL_INI_NEXT:
00003f 9185      	LPM  R24,Z+
000040 9195      	LPM  R25,Z+
000041 9700      	SBIW R24,0
000042 f061      	BREQ __GLOBAL_INI_END
000043 91a5      	LPM  R26,Z+
000044 91b5      	LPM  R27,Z+
000045 9005      	LPM  R0,Z+
000046 9015      	LPM  R1,Z+
000047 01bf      	MOVW R22,R30
000048 01f0      	MOVW R30,R0
                 __GLOBAL_INI_LOOP:
000049 9005      	LPM  R0,Z+
00004a 920d      	ST   X+,R0
00004b 9701      	SBIW R24,1
00004c f7e1      	BRNE __GLOBAL_INI_LOOP
00004d 01fb      	MOVW R30,R22
00004e cff0      	RJMP __GLOBAL_INI_NEXT
                 __GLOBAL_INI_END:
                 
                 ;HARDWARE STACK POINTER INITIALIZATION
00004f e5ef      	LDI  R30,LOW(__SRAM_END-__HEAP_SIZE)
000050 bfed      	OUT  SPL,R30
000051 e0e2      	LDI  R30,HIGH(__SRAM_END-__HEAP_SIZE)
000052 bfee      	OUT  SPH,R30
                 
                 ;DATA STACK POINTER INITIALIZATION
000053 eec0      	LDI  R28,LOW(__SRAM_START+__DSTACK_SIZE)
000054 e0d0      	LDI  R29,HIGH(__SRAM_START+__DSTACK_SIZE)
                 
000055 c000      	RJMP _main
                 
                 	.ESEG
                 	.ORG 0
                 
                 	.DSEG
                 	.ORG 0xE0
                 
                 	.CSEG
                 ;/*******************************************************
                 ;This program was created by the
                 ;CodeWizardAVR V3.12 Advanced
                 ;Automatic Program Generator
                 ;© Copyright 1998-2014 Pavel Haiduc, HP InfoTech s.r.l.
                 ;http://www.hpinfotech.com
                 ;
                 ;Project :
                 ;Version :
                 ;Date    : 27/11/2019
                 ;Author  :
                 ;Company :
                 ;Comments:
                 ;
                 ;
                 ;Chip type               : ATmega8535
                 ;Program type            : Application
                 ;AVR Core Clock frequency: 4,000000 MHz
                 ;Memory model            : Small
                 ;External RAM size       : 0
                 ;Data Stack size         : 128
                 ;*******************************************************/
                 ;
                 ;#include <mega8535.h>
                 	#ifndef __SLEEP_DEFINED__
                 	#define __SLEEP_DEFINED__
                 	.EQU __se_bit=0x40
                 	.EQU __sm_mask=0xB0
                 	.EQU __sm_powerdown=0x20
                 	.EQU __sm_powersave=0x30
                 	.EQU __sm_standby=0xA0
                 	.EQU __sm_ext_standby=0xB0
                 	.EQU __sm_adc_noise_red=0x10
                 	.SET power_ctrl_reg=mcucr
                 	#endif
                 ;
                 ;
                 ;// Alphanumeric LCD functions
                 ;#include <alcd.h>
                 ;
                 ;// Declare your global variables here
                 ;
                 ;void main(void)
                 ; 0000 0021 {
                 
                 	.CSEG
                 _main:
                 ; .FSTART _main
                 ; 0000 0022 // Declare your local variables here
                 ; 0000 0023 
                 ; 0000 0024 // Input/Output Ports initialization
                 ; 0000 0025 // Port A initialization
                 ; 0000 0026 // Function: Bit7=In Bit6=In Bit5=In Bit4=In Bit3=In Bit2=In Bit1=In Bit0=In
                 ; 0000 0027 DDRA=(0<<DDA7) | (0<<DDA6) | (0<<DDA5) | (0<<DDA4) | (0<<DDA3) | (0<<DDA2) | (0<<DDA1) | (0<<DDA0);
000056 e0e0      	LDI  R30,LOW(0)
000057 bbea      	OUT  0x1A,R30
                 ; 0000 0028 // State: Bit7=T Bit6=T Bit5=T Bit4=T Bit3=T Bit2=T Bit1=T Bit0=T
                 ; 0000 0029 PORTA=(0<<PORTA7) | (0<<PORTA6) | (0<<PORTA5) | (0<<PORTA4) | (0<<PORTA3) | (0<<PORTA2) | (0<<PORTA1) | (0<<PORTA0);
000058 bbeb      	OUT  0x1B,R30
                 ; 0000 002A 
                 ; 0000 002B // Port B initialization
                 ; 0000 002C // Function: Bit7=In Bit6=In Bit5=In Bit4=In Bit3=In Bit2=In Bit1=In Bit0=In
                 ; 0000 002D DDRB=(0<<DDB7) | (0<<DDB6) | (0<<DDB5) | (0<<DDB4) | (0<<DDB3) | (0<<DDB2) | (0<<DDB1) | (0<<DDB0);
000059 bbe7      	OUT  0x17,R30
                 ; 0000 002E // State: Bit7=T Bit6=T Bit5=T Bit4=T Bit3=T Bit2=T Bit1=T Bit0=T
                 ; 0000 002F PORTB=(0<<PORTB7) | (0<<PORTB6) | (0<<PORTB5) | (0<<PORTB4) | (0<<PORTB3) | (0<<PORTB2) | (0<<PORTB1) | (0<<PORTB0);
00005a bbe8      	OUT  0x18,R30
                 ; 0000 0030 
                 ; 0000 0031 // Port C initialization
                 ; 0000 0032 // Function: Bit7=In Bit6=In Bit5=In Bit4=In Bit3=In Bit2=In Bit1=In Bit0=In
                 ; 0000 0033 DDRC=(0<<DDC7) | (0<<DDC6) | (0<<DDC5) | (0<<DDC4) | (0<<DDC3) | (0<<DDC2) | (0<<DDC1) | (0<<DDC0);
00005b bbe4      	OUT  0x14,R30
                 ; 0000 0034 // State: Bit7=T Bit6=T Bit5=T Bit4=T Bit3=T Bit2=T Bit1=T Bit0=T
                 ; 0000 0035 PORTC=(0<<PORTC7) | (0<<PORTC6) | (0<<PORTC5) | (0<<PORTC4) | (0<<PORTC3) | (0<<PORTC2) | (0<<PORTC1) | (0<<PORTC0);
00005c bbe5      	OUT  0x15,R30
                 ; 0000 0036 
                 ; 0000 0037 // Port D initialization
                 ; 0000 0038 // Function: Bit7=In Bit6=In Bit5=In Bit4=In Bit3=In Bit2=In Bit1=In Bit0=In
                 ; 0000 0039 DDRD=(0<<DDD7) | (0<<DDD6) | (0<<DDD5) | (0<<DDD4) | (0<<DDD3) | (0<<DDD2) | (0<<DDD1) | (0<<DDD0);
00005d bbe1      	OUT  0x11,R30
                 ; 0000 003A // State: Bit7=T Bit6=T Bit5=T Bit4=T Bit3=T Bit2=T Bit1=T Bit0=T
                 ; 0000 003B PORTD=(0<<PORTD7) | (0<<PORTD6) | (0<<PORTD5) | (0<<PORTD4) | (0<<PORTD3) | (0<<PORTD2) | (0<<PORTD1) | (0<<PORTD0);
00005e bbe2      	OUT  0x12,R30
                 ; 0000 003C 
                 ; 0000 003D // Timer/Counter 0 initialization
                 ; 0000 003E // Clock source: System Clock
                 ; 0000 003F // Clock value: Timer 0 Stopped
                 ; 0000 0040 // Mode: Normal top=0xFF
                 ; 0000 0041 // OC0 output: Disconnected
                 ; 0000 0042 TCCR0=(0<<WGM00) | (0<<COM01) | (0<<COM00) | (0<<WGM01) | (0<<CS02) | (0<<CS01) | (0<<CS00);
00005f bfe3      	OUT  0x33,R30
                 ; 0000 0043 TCNT0=0x00;
000060 bfe2      	OUT  0x32,R30
                 ; 0000 0044 OCR0=0x00;
000061 bfec      	OUT  0x3C,R30
                 ; 0000 0045 
                 ; 0000 0046 // Timer/Counter 1 initialization
                 ; 0000 0047 // Clock source: System Clock
                 ; 0000 0048 // Clock value: Timer1 Stopped
                 ; 0000 0049 // Mode: Normal top=0xFFFF
                 ; 0000 004A // OC1A output: Disconnected
                 ; 0000 004B // OC1B output: Disconnected
                 ; 0000 004C // Noise Canceler: Off
                 ; 0000 004D // Input Capture on Falling Edge
                 ; 0000 004E // Timer1 Overflow Interrupt: Off
                 ; 0000 004F // Input Capture Interrupt: Off
                 ; 0000 0050 // Compare A Match Interrupt: Off
                 ; 0000 0051 // Compare B Match Interrupt: Off
                 ; 0000 0052 TCCR1A=(0<<COM1A1) | (0<<COM1A0) | (0<<COM1B1) | (0<<COM1B0) | (0<<WGM11) | (0<<WGM10);
000062 bdef      	OUT  0x2F,R30
                 ; 0000 0053 TCCR1B=(0<<ICNC1) | (0<<ICES1) | (0<<WGM13) | (0<<WGM12) | (0<<CS12) | (0<<CS11) | (0<<CS10);
000063 bdee      	OUT  0x2E,R30
                 ; 0000 0054 TCNT1H=0x00;
000064 bded      	OUT  0x2D,R30
                 ; 0000 0055 TCNT1L=0x00;
000065 bdec      	OUT  0x2C,R30
                 ; 0000 0056 ICR1H=0x00;
000066 bde7      	OUT  0x27,R30
                 ; 0000 0057 ICR1L=0x00;
000067 bde6      	OUT  0x26,R30
                 ; 0000 0058 OCR1AH=0x00;
000068 bdeb      	OUT  0x2B,R30
                 ; 0000 0059 OCR1AL=0x00;
000069 bdea      	OUT  0x2A,R30
                 ; 0000 005A OCR1BH=0x00;
00006a bde9      	OUT  0x29,R30
                 ; 0000 005B OCR1BL=0x00;
00006b bde8      	OUT  0x28,R30
                 ; 0000 005C 
                 ; 0000 005D // Timer/Counter 2 initialization
                 ; 0000 005E // Clock source: System Clock
                 ; 0000 005F // Clock value: Timer2 Stopped
                 ; 0000 0060 // Mode: Normal top=0xFF
                 ; 0000 0061 // OC2 output: Disconnected
                 ; 0000 0062 ASSR=0<<AS2;
00006c bde2      	OUT  0x22,R30
                 ; 0000 0063 TCCR2=(0<<WGM20) | (0<<COM21) | (0<<COM20) | (0<<WGM21) | (0<<CS22) | (0<<CS21) | (0<<CS20);
00006d bde5      	OUT  0x25,R30
                 ; 0000 0064 TCNT2=0x00;
00006e bde4      	OUT  0x24,R30
                 ; 0000 0065 OCR2=0x00;
00006f bde3      	OUT  0x23,R30
                 ; 0000 0066 
                 ; 0000 0067 // Timer(s)/Counter(s) Interrupt(s) initialization
                 ; 0000 0068 TIMSK=(0<<OCIE2) | (0<<TOIE2) | (0<<TICIE1) | (0<<OCIE1A) | (0<<OCIE1B) | (0<<TOIE1) | (0<<OCIE0) | (0<<TOIE0);
000070 bfe9      	OUT  0x39,R30
                 ; 0000 0069 
                 ; 0000 006A // External Interrupt(s) initialization
                 ; 0000 006B // INT0: Off
                 ; 0000 006C // INT1: Off
                 ; 0000 006D // INT2: Off
                 ; 0000 006E MCUCR=(0<<ISC11) | (0<<ISC10) | (0<<ISC01) | (0<<ISC00);
000071 bfe5      	OUT  0x35,R30
                 ; 0000 006F MCUCSR=(0<<ISC2);
000072 bfe4      	OUT  0x34,R30
                 ; 0000 0070 
                 ; 0000 0071 // USART initialization
                 ; 0000 0072 // USART disabled
                 ; 0000 0073 UCSRB=(0<<RXCIE) | (0<<TXCIE) | (0<<UDRIE) | (0<<RXEN) | (0<<TXEN) | (0<<UCSZ2) | (0<<RXB8) | (0<<TXB8);
000073 b9ea      	OUT  0xA,R30
                 ; 0000 0074 
                 ; 0000 0075 // Analog Comparator initialization
                 ; 0000 0076 // Analog Comparator: Off
                 ; 0000 0077 // The Analog Comparator's positive input is
                 ; 0000 0078 // connected to the AIN0 pin
                 ; 0000 0079 // The Analog Comparator's negative input is
                 ; 0000 007A // connected to the AIN1 pin
                 ; 0000 007B ACSR=(1<<ACD) | (0<<ACBG) | (0<<ACO) | (0<<ACI) | (0<<ACIE) | (0<<ACIC) | (0<<ACIS1) | (0<<ACIS0);
000074 e8e0      	LDI  R30,LOW(128)
000075 b9e8      	OUT  0x8,R30
                 ; 0000 007C SFIOR=(0<<ACME);
000076 e0e0      	LDI  R30,LOW(0)
000077 bfe0      	OUT  0x30,R30
                 ; 0000 007D 
                 ; 0000 007E // ADC initialization
                 ; 0000 007F // ADC disabled
                 ; 0000 0080 ADCSRA=(0<<ADEN) | (0<<ADSC) | (0<<ADATE) | (0<<ADIF) | (0<<ADIE) | (0<<ADPS2) | (0<<ADPS1) | (0<<ADPS0);
000078 b9e6      	OUT  0x6,R30
                 ; 0000 0081 
                 ; 0000 0082 // SPI initialization
                 ; 0000 0083 // SPI disabled
                 ; 0000 0084 SPCR=(0<<SPIE) | (0<<SPE) | (0<<DORD) | (0<<MSTR) | (0<<CPOL) | (0<<CPHA) | (0<<SPR1) | (0<<SPR0);
000079 b9ed      	OUT  0xD,R30
                 ; 0000 0085 
                 ; 0000 0086 // TWI initialization
                 ; 0000 0087 // TWI disabled
                 ; 0000 0088 TWCR=(0<<TWEA) | (0<<TWSTA) | (0<<TWSTO) | (0<<TWEN) | (0<<TWIE);
00007a bfe6      	OUT  0x36,R30
                 ; 0000 0089 
                 ; 0000 008A // Alphanumeric LCD initialization
                 ; 0000 008B // Connections are specified in the
                 ; 0000 008C // Project|Configure|C Compiler|Libraries|Alphanumeric LCD menu:
                 ; 0000 008D // RS - PORTB Bit 0
                 ; 0000 008E // RD - PORTB Bit 1
                 ; 0000 008F // EN - PORTB Bit 2
                 ; 0000 0090 // D4 - PORTB Bit 4
                 ; 0000 0091 // D5 - PORTB Bit 5
                 ; 0000 0092 // D6 - PORTB Bit 6
                 ; 0000 0093 // D7 - PORTB Bit 7
                 ; 0000 0094 // Characters/line: 16
                 ; 0000 0095 lcd_init(16);
00007b e1a0      	LDI  R26,LOW(16)
00007c d063      	RCALL _lcd_init
                 ; 0000 0096 
                 ; 0000 0097 while (1)
                 _0x3:
                 ; 0000 0098       {
                 ; 0000 0099       // Place your code here
                 ; 0000 009A       lcd_gotoxy(0,0);
00007d d08b      	RCALL SUBOPT_0x0
                 ; 0000 009B       lcd_putsf("prak. micro UAD");
                +
00007e e2aa     +LDI R26 , LOW ( 2 * _0x0 + ( 0 ) )
00007f e0b0     +LDI R27 , HIGH ( 2 * _0x0 + ( 0 ) )
                 	__POINTW2FN _0x0,0
000080 d04c      	RCALL _lcd_putsf
                 ; 0000 009C       lcd_gotoxy(0,0);
000081 d087      	RCALL SUBOPT_0x0
                 ; 0000 009D       lcd_putsf("ATMEL AVR 8535");
                +
000082 e3aa     +LDI R26 , LOW ( 2 * _0x0 + ( 16 ) )
000083 e0b0     +LDI R27 , HIGH ( 2 * _0x0 + ( 16 ) )
                 	__POINTW2FN _0x0,16
000084 d048      	RCALL _lcd_putsf
                 ; 0000 009E       }
000085 cff7      	RJMP _0x3
                 ; 0000 009F }
                 _0x6:
000086 cfff      	RJMP _0x6
                 ; .FEND
                 	#ifndef __SLEEP_DEFINED__
                 	#endif
                 
                 	.DSEG
                 
                 	.CSEG
                 __lcd_write_nibble_G100:
                 ; .FSTART __lcd_write_nibble_G100
000087 93aa      	ST   -Y,R26
000088 b3e8      	IN   R30,0x18
000089 70ef      	ANDI R30,LOW(0xF)
00008a 2fae      	MOV  R26,R30
00008b 81e8      	LD   R30,Y
00008c 7fe0      	ANDI R30,LOW(0xF0)
00008d 2bea      	OR   R30,R26
00008e bbe8      	OUT  0x18,R30
00008f d07d      	RCALL SUBOPT_0x1
000090 9ac2      	SBI  0x18,2
000091 d07b      	RCALL SUBOPT_0x1
000092 98c2      	CBI  0x18,2
000093 d079      	RCALL SUBOPT_0x1
000094 c072      	RJMP _0x2020001
                 ; .FEND
                 __lcd_write_data:
                 ; .FSTART __lcd_write_data
000095 93aa      	ST   -Y,R26
000096 81a8      	LD   R26,Y
000097 dfef      	RCALL __lcd_write_nibble_G100
000098 81e8          ld    r30,y
000099 95e2          swap  r30
00009a 83e8          st    y,r30
00009b 81a8      	LD   R26,Y
00009c dfea      	RCALL __lcd_write_nibble_G100
                +
00009d e483     +LDI R24 , LOW ( 67 )
                +__DELAY_USB_LOOP :
00009e 958a     +DEC R24
00009f f7f1     +BRNE __DELAY_USB_LOOP
                 	__DELAY_USB 67
0000a0 c066      	RJMP _0x2020001
                 ; .FEND
                 _lcd_gotoxy:
                 ; .FSTART _lcd_gotoxy
0000a1 93aa      	ST   -Y,R26
0000a2 81e8      	LD   R30,Y
0000a3 e0f0      	LDI  R31,0
0000a4 52e0      	SUBI R30,LOW(-__base_y_G100)
0000a5 4fff      	SBCI R31,HIGH(-__base_y_G100)
0000a6 81e0      	LD   R30,Z
0000a7 81a9      	LDD  R26,Y+1
0000a8 0fae      	ADD  R26,R30
0000a9 dfeb      	RCALL __lcd_write_data
0000aa 8059      	LDD  R5,Y+1
0000ab 8048      	LDD  R4,Y+0
0000ac 9622      	ADIW R28,2
0000ad 9508      	RET
                 ; .FEND
                 _lcd_clear:
                 ; .FSTART _lcd_clear
0000ae e0a2      	LDI  R26,LOW(2)
0000af d061      	RCALL SUBOPT_0x2
0000b0 e0ac      	LDI  R26,LOW(12)
0000b1 dfe3      	RCALL __lcd_write_data
0000b2 e0a1      	LDI  R26,LOW(1)
0000b3 d05d      	RCALL SUBOPT_0x2
0000b4 e0e0      	LDI  R30,LOW(0)
0000b5 2e4e      	MOV  R4,R30
0000b6 2e5e      	MOV  R5,R30
0000b7 9508      	RET
                 ; .FEND
                 _lcd_putchar:
                 ; .FSTART _lcd_putchar
0000b8 93aa      	ST   -Y,R26
0000b9 81a8      	LD   R26,Y
0000ba 30aa      	CPI  R26,LOW(0xA)
0000bb f011      	BREQ _0x2000005
0000bc 1457      	CP   R5,R7
0000bd f048      	BRLO _0x2000004
                 _0x2000005:
0000be e0e0      	LDI  R30,LOW(0)
0000bf 93ea      	ST   -Y,R30
0000c0 9443      	INC  R4
0000c1 2da4      	MOV  R26,R4
0000c2 dfde      	RCALL _lcd_gotoxy
0000c3 81a8      	LD   R26,Y
0000c4 30aa      	CPI  R26,LOW(0xA)
0000c5 f409      	BRNE _0x2000007
0000c6 c040      	RJMP _0x2020001
                 _0x2000007:
                 _0x2000004:
0000c7 9453      	INC  R5
0000c8 9ac0      	SBI  0x18,0
0000c9 81a8      	LD   R26,Y
0000ca dfca      	RCALL __lcd_write_data
0000cb 98c0      	CBI  0x18,0
0000cc c03a      	RJMP _0x2020001
                 ; .FEND
                 _lcd_putsf:
                 ; .FSTART _lcd_putsf
0000cd 93ba      	ST   -Y,R27
0000ce 93aa      	ST   -Y,R26
0000cf 931a      	ST   -Y,R17
                 _0x200000B:
0000d0 81e9      	LDD  R30,Y+1
0000d1 81fa      	LDD  R31,Y+1+1
0000d2 9631      	ADIW R30,1
0000d3 83e9      	STD  Y+1,R30
0000d4 83fa      	STD  Y+1+1,R31
0000d5 9731      	SBIW R30,1
0000d6 91e4      	LPM  R30,Z
0000d7 2f1e      	MOV  R17,R30
0000d8 30e0      	CPI  R30,0
0000d9 f019      	BREQ _0x200000D
0000da 2fa1      	MOV  R26,R17
0000db dfdc      	RCALL _lcd_putchar
0000dc cff3      	RJMP _0x200000B
                 _0x200000D:
0000dd 8118      	LDD  R17,Y+0
0000de 9623      	ADIW R28,3
0000df 9508      	RET
                 ; .FEND
                 _lcd_init:
                 ; .FSTART _lcd_init
0000e0 93aa      	ST   -Y,R26
0000e1 b3e7      	IN   R30,0x17
0000e2 6fe0      	ORI  R30,LOW(0xF0)
0000e3 bbe7      	OUT  0x17,R30
0000e4 9aba      	SBI  0x17,2
0000e5 9ab8      	SBI  0x17,0
0000e6 9ab9      	SBI  0x17,1
0000e7 98c2      	CBI  0x18,2
0000e8 98c0      	CBI  0x18,0
0000e9 98c1      	CBI  0x18,1
0000ea 8078      	LDD  R7,Y+0
0000eb 81e8      	LD   R30,Y
0000ec 58e0      	SUBI R30,-LOW(128)
                +
0000ed 93e0 00e2+STS __base_y_G100 + ( 2 ) , R30
                 	__PUTB1MN __base_y_G100,2
0000ef 81e8      	LD   R30,Y
0000f0 54e0      	SUBI R30,-LOW(192)
                +
0000f1 93e0 00e3+STS __base_y_G100 + ( 3 ) , R30
                 	__PUTB1MN __base_y_G100,3
0000f3 e1a4      	LDI  R26,LOW(20)
0000f4 e0b0      	LDI  R27,0
0000f5 d025      	RCALL _delay_ms
0000f6 d01e      	RCALL SUBOPT_0x3
0000f7 d01d      	RCALL SUBOPT_0x3
0000f8 d01c      	RCALL SUBOPT_0x3
0000f9 e2a0      	LDI  R26,LOW(32)
0000fa df8c      	RCALL __lcd_write_nibble_G100
                +
0000fb e885     +LDI R24 , LOW ( 133 )
                +__DELAY_USB_LOOP :
0000fc 958a     +DEC R24
0000fd f7f1     +BRNE __DELAY_USB_LOOP
                 	__DELAY_USB 133
0000fe e2a8      	LDI  R26,LOW(40)
0000ff df95      	RCALL __lcd_write_data
000100 e0a4      	LDI  R26,LOW(4)
000101 df93      	RCALL __lcd_write_data
000102 e8a5      	LDI  R26,LOW(133)
000103 df91      	RCALL __lcd_write_data
000104 e0a6      	LDI  R26,LOW(6)
000105 df8f      	RCALL __lcd_write_data
000106 dfa7      	RCALL _lcd_clear
                 _0x2020001:
000107 9621      	ADIW R28,1
000108 9508      	RET
                 ; .FEND
                 
                 	.DSEG
                 __base_y_G100:
0000e0           	.BYTE 0x4
                 
                 	.CSEG
                 ;OPTIMIZER ADDED SUBROUTINE, CALLED 2 TIMES, CODE SIZE REDUCTION:1 WORDS
                 SUBOPT_0x0:
000109 e0e0      	LDI  R30,LOW(0)
00010a 93ea      	ST   -Y,R30
00010b e0a0      	LDI  R26,LOW(0)
00010c cf94      	RJMP _lcd_gotoxy
                 
                 ;OPTIMIZER ADDED SUBROUTINE, CALLED 3 TIMES, CODE SIZE REDUCTION:2 WORDS
                 SUBOPT_0x1:
                +
00010d e087     +LDI R24 , LOW ( 7 )
                +__DELAY_USB_LOOP :
00010e 958a     +DEC R24
00010f f7f1     +BRNE __DELAY_USB_LOOP
                 	__DELAY_USB 7
000110 9508      	RET
                 
                 ;OPTIMIZER ADDED SUBROUTINE, CALLED 2 TIMES, CODE SIZE REDUCTION:1 WORDS
                 SUBOPT_0x2:
000111 df83      	RCALL __lcd_write_data
000112 e0a3      	LDI  R26,LOW(3)
000113 e0b0      	LDI  R27,0
000114 c006      	RJMP _delay_ms
                 
                 ;OPTIMIZER ADDED SUBROUTINE, CALLED 3 TIMES, CODE SIZE REDUCTION:6 WORDS
                 SUBOPT_0x3:
000115 e3a0      	LDI  R26,LOW(48)
000116 df70      	RCALL __lcd_write_nibble_G100
                +
000117 e885     +LDI R24 , LOW ( 133 )
                +__DELAY_USB_LOOP :
000118 958a     +DEC R24
000119 f7f1     +BRNE __DELAY_USB_LOOP
                 	__DELAY_USB 133
00011a 9508      	RET
                 
                 
                 	.CSEG
                 _delay_ms:
00011b 9610      	adiw r26,0
00011c f039      	breq __delay_ms1
                 __delay_ms0:
                +
00011d ee88     +LDI R24 , LOW ( 0x3E8 )
00011e e093     +LDI R25 , HIGH ( 0x3E8 )
                +__DELAY_USW_LOOP :
00011f 9701     +SBIW R24 , 1
000120 f7f1     +BRNE __DELAY_USW_LOOP
                 	__DELAY_USW 0x3E8
000121 95a8      	wdr
000122 9711      	sbiw r26,1
000123 f7c9      	brne __delay_ms0
                 __delay_ms1:
000124 9508      	ret
                 
                 ;END OF CODE MARKER
                 __END_OF_CODE:


RESOURCE USE INFORMATION
------------------------

Notice:
The register and instruction counts are symbol table hit counts,
and hence implicitly used resources are not counted, eg, the
'lpm' instruction without operands implicitly uses r0 and z,
none of which are counted.

x,y,z are separate entities in the symbol table and are
counted separately from r26..r31 here.

.dseg memory usage only counts static data declared with .byte

ATmega8535 register use summary:
r0 :   4 r1 :   1 r2 :   0 r3 :   0 r4 :   4 r5 :   4 r6 :   0 r7 :   2 
r8 :   0 r9 :   0 r10:   0 r11:   0 r12:   0 r13:   0 r14:   0 r15:   0 
r16:   0 r17:   4 r18:   0 r19:   0 r20:   0 r21:   0 r22:   2 r23:   0 
r24:  17 r25:   3 r26:  39 r27:   7 r28:   4 r29:   1 r30:  88 r31:   7 
x  :   3 y  :  30 z  :   9 
Registers used: 18 out of 35 (51.4%)

ATmega8535 instruction use summary:
.lds  :   0 .lds.l:   0 .sts  :   0 .sts.l:   0 adc   :   0 add   :   1 
adiw  :   5 and   :   0 andi  :   2 asr   :   0 bclr  :   0 bld   :   0 
brbc  :   0 brbs  :   0 brcc  :   0 brcs  :   0 break :   0 breq  :   4 
brge  :   0 brhc  :   0 brhs  :   0 brid  :   0 brie  :   0 brlo  :   1 
brlt  :   0 brmi  :   0 brne  :  10 brpl  :   0 brsh  :   0 brtc  :   0 
brts  :   0 brvc  :   0 brvs  :   0 bset  :   0 bst   :   0 cbi   :   5 
cbr   :   0 clc   :   0 clh   :   0 cli   :   1 cln   :   0 clr   :   2 
cls   :   0 clt   :   0 clv   :   0 clz   :   0 com   :   0 cp    :   1 
cpc   :   0 cpi   :   3 cpse  :   0 dec   :   5 des   :   0 eor   :   0 
fmul  :   0 fmuls :   0 fmulsu:   0 icall :   0 ijmp  :   0 in    :   2 
inc   :   2 ld    :  11 ldd   :   7 ldi   :  44 lds   :   0 lpm   :   9 
lsl   :   0 lsr   :   0 mov   :   6 movw  :   3 mul   :   0 muls  :   0 
mulsu :   0 neg   :   0 nop   :   0 or    :   1 ori   :   1 out   :  42 
pop   :   0 push  :   0 rcall :  29 ret   :   7 reti  :   0 rjmp  :  32 
rol   :   0 ror   :   0 sbc   :   0 sbci  :   1 sbi   :   5 sbic  :   0 
sbis  :   0 sbiw  :   6 sbr   :   0 sbrc  :   0 sbrs  :   0 sec   :   0 
seh   :   0 sei   :   0 sen   :   0 ser   :   0 ses   :   0 set   :   0 
sev   :   0 sez   :   0 sleep :   0 spm   :   0 st    :  14 std   :   2 
sts   :   2 sub   :   0 subi  :   3 swap  :   1 tst   :   0 wdr   :   1 

Instructions used: 35 out of 114 (30.7%)

ATmega8535 memory use summary [bytes]:
Segment   Begin    End      Code   Data   Used    Size   Use%
---------------------------------------------------------------
[.cseg] 0x000000 0x00024a    544     42    586    8192   7.2%
[.dseg] 0x000060 0x0000e4      0      4      4     512   0.8%
[.eseg] 0x000000 0x000000      0      0      0     512   0.0%

Assembly complete, 0 errors, 4 warnings
